TN:
SF:src/app.ts
FN:26,(anonymous_1)
FN:37,init
FN:42,close
FNF:3
FNH:1
FNDA:0,(anonymous_1)
FNDA:1,init
FNDA:0,close
DA:1,1
DA:2,1
DA:3,1
DA:4,1
DA:6,1
DA:8,1
DA:10,1
DA:11,1
DA:20,1
DA:22,1
DA:23,1
DA:26,0
DA:37,1
DA:38,1
DA:39,1
DA:42,1
DA:43,0
DA:46,1
LF:18
LH:16
BRF:0
BRH:0
end_of_record
TN:
SF:src/config/database.ts
FN:4,connectDb
FN:8,disconnectDB
FNF:2
FNH:1
FNDA:1,connectDb
FNDA:0,disconnectDB
DA:1,1
DA:4,1
DA:5,1
DA:8,1
DA:9,0
LF:5
LH:4
BRF:0
BRH:0
end_of_record
TN:
SF:src/config/envs.ts
FN:4,loadEnv
FNF:1
FNH:1
FNDA:2,loadEnv
DA:1,1
DA:2,1
DA:4,1
DA:6,2
DA:12,2
DA:13,2
LF:6
LH:6
BRDA:6,0,0,2
BRDA:6,0,1,0
BRDA:8,1,0,0
BRDA:8,1,1,0
BRF:4
BRH:1
end_of_record
TN:
SF:src/config/index.ts
FNF:0
FNH:0
DA:1,1
DA:2,1
LF:2
LH:2
BRF:0
BRH:0
end_of_record
TN:
SF:src/controllers/authentication-controller.ts
FN:4,singInPost
FNF:1
FNH:0
FNDA:0,singInPost
DA:1,1
DA:3,1
DA:4,1
DA:5,0
DA:7,0
DA:8,0
DA:10,0
DA:12,0
LF:8
LH:3
BRF:0
BRH:0
end_of_record
TN:
SF:src/controllers/booking-controller.ts
FN:6,postBooking
FNF:1
FNH:1
FNDA:10,postBooking
DA:1,1
DA:2,1
DA:4,1
DA:6,1
DA:7,10
DA:8,10
DA:9,10
DA:10,10
DA:11,1
DA:13,9
LF:10
LH:10
BRF:0
BRH:0
end_of_record
TN:
SF:src/controllers/enrollments-controller.ts
FN:6,getEnrollmentByUser
FN:18,postCreateOrUpdateEnrollment
FN:31,getAddressFromCEP
FNF:3
FNH:0
FNDA:0,getEnrollmentByUser
FNDA:0,postCreateOrUpdateEnrollment
FNDA:0,getAddressFromCEP
DA:2,1
DA:4,1
DA:6,1
DA:7,0
DA:9,0
DA:10,0
DA:12,0
DA:14,0
DA:18,1
DA:19,0
DA:20,0
DA:25,0
DA:27,0
DA:31,1
DA:32,0
DA:34,0
DA:35,0
DA:36,0
DA:38,0
DA:39,0
LF:20
LH:5
BRDA:38,0,0,0
BRF:1
BRH:0
end_of_record
TN:
SF:src/controllers/events-controller.ts
FN:5,getDefaultEvent
FNF:1
FNH:0
FNDA:0,getDefaultEvent
DA:1,1
DA:3,1
DA:5,1
DA:6,0
DA:7,0
DA:8,0
DA:10,0
LF:7
LH:3
BRF:0
BRH:0
end_of_record
TN:
SF:src/controllers/hotels-controller.ts
FN:6,getAllHotels
FN:16,getHotelRooms
FNF:2
FNH:0
FNDA:0,getAllHotels
FNDA:0,getHotelRooms
DA:1,1
DA:2,1
DA:4,1
DA:6,1
DA:7,0
DA:8,0
DA:9,0
DA:10,0
DA:12,0
DA:16,1
DA:17,0
DA:18,0
DA:19,0
DA:20,0
DA:21,0
DA:23,0
DA:24,0
DA:26,0
LF:18
LH:5
BRDA:20,0,0,0
BRF:1
BRH:0
end_of_record
TN:
SF:src/controllers/index.ts
FNF:0
FNH:0
DA:1,1
DA:2,1
DA:3,1
DA:4,1
DA:5,1
DA:6,1
DA:7,1
DA:8,1
LF:8
LH:8
BRF:0
BRH:0
end_of_record
TN:
SF:src/controllers/payments-controller.ts
FN:6,getPaymentByTicketId
FN:28,paymentProcess
FNF:2
FNH:1
FNDA:0,getPaymentByTicketId
FNDA:7,paymentProcess
DA:2,1
DA:4,1
DA:6,1
DA:7,0
DA:8,0
DA:9,0
DA:11,0
DA:12,0
DA:14,0
DA:16,0
DA:17,0
DA:19,0
DA:21,0
DA:22,0
DA:24,0
DA:28,1
DA:29,7
DA:30,7
DA:34,7
DA:36,7
DA:37,0
DA:39,7
DA:41,7
DA:42,0
DA:45,7
DA:47,0
DA:48,0
DA:50,0
LF:28
LH:11
BRDA:11,0,0,0
BRDA:16,1,0,0
BRDA:21,2,0,0
BRDA:36,3,0,0
BRDA:36,4,0,7
BRDA:36,4,1,7
BRDA:41,5,0,0
BRDA:47,6,0,0
BRF:8
BRH:2
end_of_record
TN:
SF:src/controllers/tickets-controller.ts
FN:6,getTicketTypes
FN:16,getTickets
FN:28,createTicket
FNF:3
FNH:0
FNDA:0,getTicketTypes
FNDA:0,getTickets
FNDA:0,createTicket
DA:2,1
DA:4,1
DA:6,1
DA:7,0
DA:8,0
DA:10,0
DA:12,0
DA:16,1
DA:17,0
DA:19,0
DA:20,0
DA:22,0
DA:24,0
DA:28,1
DA:29,0
DA:32,0
DA:34,0
DA:35,0
DA:38,0
DA:39,0
DA:41,0
DA:43,0
LF:22
LH:5
BRDA:34,0,0,0
BRF:1
BRH:0
end_of_record
TN:
SF:src/controllers/users-controller.ts
FN:5,usersPost
FNF:1
FNH:0
FNDA:0,usersPost
DA:1,1
DA:3,1
DA:5,1
DA:6,0
DA:8,0
DA:9,0
DA:10,0
DA:15,0
DA:16,0
DA:18,0
LF:10
LH:3
BRDA:15,0,0,0
BRF:1
BRH:0
end_of_record
TN:
SF:src/errors/cannot-enroll-before-start-date-error.ts
FN:3,cannotEnrollBeforeStartDateError
FNF:1
FNH:0
FNDA:0,cannotEnrollBeforeStartDateError
DA:3,1
DA:4,0
LF:2
LH:1
BRF:0
BRH:0
end_of_record
TN:
SF:src/errors/conflict-error.ts
FN:3,conflictError
FNF:1
FNH:0
FNDA:0,conflictError
DA:3,1
DA:4,0
LF:2
LH:1
BRF:0
BRH:0
end_of_record
TN:
SF:src/errors/forbidden-error.ts
FN:3,forbiddenError
FNF:1
FNH:1
FNDA:7,forbiddenError
DA:3,1
DA:4,7
LF:2
LH:2
BRDA:6,0,0,7
BRDA:6,0,1,2
BRF:2
BRH:2
end_of_record
TN:
SF:src/errors/index.ts
FNF:0
FNH:0
DA:1,1
DA:2,1
DA:3,1
DA:4,1
DA:5,1
DA:6,1
DA:7,1
DA:8,1
DA:9,1
LF:9
LH:9
BRF:0
BRH:0
end_of_record
TN:
SF:src/errors/invalid-data-error.ts
FN:3,invalidDataError
FNF:1
FNH:1
FNDA:1,invalidDataError
DA:3,1
DA:4,1
LF:2
LH:2
BRF:0
BRH:0
end_of_record
TN:
SF:src/errors/invalid-email-error.ts
FN:3,invalidEmailError
FNF:1
FNH:0
FNDA:0,invalidEmailError
DA:3,1
DA:4,0
LF:2
LH:1
BRF:0
BRH:0
end_of_record
TN:
SF:src/errors/not-found-error.ts
FN:3,notFoundError
FNF:1
FNH:1
FNDA:1,notFoundError
DA:3,1
DA:4,1
LF:2
LH:2
BRDA:6,0,0,1
BRDA:6,0,1,0
BRF:2
BRH:1
end_of_record
TN:
SF:src/errors/payment-required-error.ts
FN:3,paymentRequiredError
FNF:1
FNH:1
FNDA:1,paymentRequiredError
DA:3,1
DA:4,1
LF:2
LH:2
BRF:0
BRH:0
end_of_record
TN:
SF:src/errors/request-error.ts
FN:3,requestError
FNF:1
FNH:0
FNDA:0,requestError
DA:3,1
DA:4,0
LF:2
LH:1
BRF:0
BRH:0
end_of_record
TN:
SF:src/errors/unauthorized-error.ts
FN:3,unauthorizedError
FNF:1
FNH:1
FNDA:3,unauthorizedError
DA:3,1
DA:4,3
LF:2
LH:2
BRF:0
BRH:0
end_of_record
TN:
SF:src/middlewares/authentication-middleware.ts
FN:8,authenticateToken
FN:33,generateUnauthorizedResponse
FNF:2
FNH:2
FNDA:21,authenticateToken
FNDA:3,generateUnauthorizedResponse
DA:2,1
DA:3,1
DA:5,1
DA:6,1
DA:8,1
DA:9,21
DA:10,21
DA:12,20
DA:13,20
DA:15,20
DA:16,20
DA:18,19
DA:23,19
DA:25,18
DA:27,18
DA:29,1
DA:34,3
LF:17
LH:17
BRDA:10,0,0,1
BRDA:13,1,0,0
BRDA:23,2,0,1
BRF:3
BRH:2
end_of_record
TN:
SF:src/middlewares/error-handling-middleware.ts
FN:5,handleApplicationErrors
FNF:1
FNH:1
FNDA:9,handleApplicationErrors
DA:3,1
DA:5,1
DA:6,9
DA:7,0
DA:12,9
DA:13,0
DA:18,9
DA:19,0
DA:24,9
DA:25,0
DA:30,9
DA:31,1
DA:36,8
DA:37,1
DA:42,7
DA:43,7
DA:49,0
DA:50,0
LF:18
LH:12
BRDA:6,0,0,0
BRDA:12,1,0,0
BRDA:12,2,0,9
BRDA:12,2,1,9
BRDA:18,3,0,0
BRDA:24,4,0,0
BRDA:30,5,0,1
BRDA:36,6,0,1
BRDA:42,7,0,7
BRF:9
BRH:5
end_of_record
TN:
SF:src/middlewares/index.ts
FNF:0
FNH:0
DA:1,1
DA:2,1
DA:3,1
LF:3
LH:3
BRF:0
BRH:0
end_of_record
TN:
SF:src/middlewares/validation-middleware.ts
FN:6,validateBody
FN:10,validateParams
FN:14,validate
FN:15,(anonymous_4)
FN:23,(anonymous_5)
FNF:5
FNH:4
FNDA:4,validateBody
FNDA:0,validateParams
FNDA:4,validate
FNDA:11,(anonymous_4)
FNDA:2,(anonymous_5)
DA:1,1
DA:3,1
DA:6,1
DA:7,4
DA:10,1
DA:11,0
DA:15,4
DA:16,11
DA:20,11
DA:21,10
DA:23,2
LF:11
LH:10
BRDA:20,0,0,10
BRDA:20,0,1,1
BRF:2
BRH:2
end_of_record
TN:
SF:src/repositories/address-repository/index.ts
FN:4,upsert
FNF:1
FNH:0
FNDA:0,upsert
DA:1,1
DA:5,0
DA:20,1
DA:24,1
LF:4
LH:3
BRF:0
BRH:0
end_of_record
TN:
SF:src/repositories/booking-repository/index.ts
FN:4,createBookig
FN:10,findOneByUserId
FNF:2
FNH:2
FNDA:1,createBookig
FNDA:5,findOneByUserId
DA:1,1
DA:5,1
DA:11,5
DA:16,1
DA:21,1
LF:5
LH:5
BRF:0
BRH:0
end_of_record
TN:
SF:src/repositories/enrollment-repository/index.ts
FN:4,findWithAddressByUserId
FN:13,findById
FN:19,upsert
FN:36,getEnrollmentAndTicketByUserId
FNF:4
FNH:2
FNDA:0,findWithAddressByUserId
FNDA:7,findById
FNDA:0,upsert
FNDA:10,getEnrollmentAndTicketByUserId
DA:1,1
DA:5,0
DA:14,7
DA:24,0
DA:37,10
DA:50,1
DA:57,1
LF:7
LH:5
BRF:0
BRH:0
end_of_record
TN:
SF:src/repositories/event-repository/index.ts
FN:3,findFirst
FNF:1
FNH:0
FNDA:0,findFirst
DA:1,1
DA:4,0
DA:7,1
DA:11,1
LF:4
LH:3
BRF:0
BRH:0
end_of_record
TN:
SF:src/repositories/hotels-repository/index.ts
FN:4,findAll
FN:8,findById
FNF:2
FNH:0
FNDA:0,findAll
FNDA:0,findById
DA:1,1
DA:5,0
DA:9,0
DA:20,1
DA:25,1
LF:5
LH:3
BRF:0
BRH:0
end_of_record
TN:
SF:src/repositories/payment-repository/index.ts
FN:4,findPaymentByTicketId
FN:12,createPayment
FNF:2
FNH:1
FNDA:0,findPaymentByTicketId
FNDA:7,createPayment
DA:1,1
DA:5,0
DA:13,7
DA:23,1
DA:28,1
LF:5
LH:4
BRF:0
BRH:0
end_of_record
TN:
SF:src/repositories/room-repository/index.ts
FN:3,findRoomById
FNF:1
FNH:1
FNDA:4,findRoomById
DA:1,1
DA:4,4
DA:11,1
DA:15,1
LF:4
LH:4
BRF:0
BRH:0
end_of_record
TN:
SF:src/repositories/session-repository/index.ts
FN:4,create
FNF:1
FNH:0
FNDA:0,create
DA:1,1
DA:5,0
DA:10,1
DA:14,1
LF:4
LH:3
BRF:0
BRH:0
end_of_record
TN:
SF:src/repositories/ticket-repository/index.ts
FN:4,findTicketTypes
FN:8,findTickeyById
FN:18,findTickeWithTypeById
FN:29,findTicketByEnrollmentId
FN:40,createTicket
FN:48,ticketProcessPayment
FNF:6
FNH:3
FNDA:0,findTicketTypes
FNDA:7,findTickeyById
FNDA:14,findTickeWithTypeById
FNDA:0,findTicketByEnrollmentId
FNDA:0,createTicket
FNDA:7,ticketProcessPayment
DA:1,1
DA:2,1
DA:5,0
DA:9,7
DA:19,14
DA:30,0
DA:41,0
DA:49,7
DA:61,1
DA:70,1
LF:10
LH:7
BRF:0
BRH:0
end_of_record
TN:
SF:src/repositories/user-repository/index.ts
FN:4,findByEmail
FN:18,create
FNF:2
FNH:0
FNDA:0,findByEmail
FNDA:0,create
DA:1,1
DA:5,0
DA:11,0
DA:12,0
DA:15,0
DA:19,0
DA:24,1
DA:29,1
LF:8
LH:3
BRDA:11,0,0,0
BRF:1
BRH:0
end_of_record
TN:
SF:src/routers/authentication-router.ts
FNF:0
FNH:0
DA:1,1
DA:2,1
DA:3,1
DA:4,1
DA:6,1
DA:8,1
DA:10,1
LF:7
LH:7
BRF:0
BRH:0
end_of_record
TN:
SF:src/routers/booking-router.ts
FNF:0
FNH:0
DA:1,1
DA:2,1
DA:3,1
DA:4,1
DA:6,1
DA:8,1
DA:12,1
LF:7
LH:7
BRF:0
BRH:0
end_of_record
TN:
SF:src/routers/enrollments-router.ts
FNF:0
FNH:0
DA:1,1
DA:2,1
DA:3,1
DA:4,1
DA:6,1
DA:8,1
DA:14,1
LF:7
LH:7
BRF:0
BRH:0
end_of_record
TN:
SF:src/routers/events-router.ts
FNF:0
FNH:0
DA:1,1
DA:2,1
DA:4,1
DA:6,1
DA:8,1
LF:5
LH:5
BRF:0
BRH:0
end_of_record
TN:
SF:src/routers/hotels-router.ts
FNF:0
FNH:0
DA:1,1
DA:2,1
DA:3,1
DA:5,1
DA:7,1
DA:13,1
LF:6
LH:6
BRF:0
BRH:0
end_of_record
TN:
SF:src/routers/index.ts
FNF:0
FNH:0
DA:1,1
DA:2,1
DA:3,1
DA:4,1
DA:5,1
DA:6,1
DA:7,1
DA:8,1
LF:8
LH:8
BRF:0
BRH:0
end_of_record
TN:
SF:src/routers/payments-router.ts
FNF:0
FNH:0
DA:1,1
DA:2,1
DA:3,1
DA:5,1
DA:7,1
DA:12,1
LF:6
LH:6
BRF:0
BRH:0
end_of_record
TN:
SF:src/routers/tickets-router.ts
FNF:0
FNH:0
DA:1,1
DA:2,1
DA:3,1
DA:5,1
DA:7,1
DA:13,1
LF:6
LH:6
BRF:0
BRH:0
end_of_record
TN:
SF:src/routers/users-router.ts
FNF:0
FNH:0
DA:1,1
DA:3,1
DA:4,1
DA:5,1
DA:7,1
DA:9,1
DA:11,1
LF:7
LH:7
BRF:0
BRH:0
end_of_record
TN:
SF:src/schemas/authentication-schemas.ts
FNF:0
FNH:0
DA:2,1
DA:4,1
LF:2
LH:2
BRF:0
BRH:0
end_of_record
TN:
SF:src/schemas/booking-schema.ts
FNF:0
FNH:0
DA:1,1
DA:3,1
LF:2
LH:2
BRF:0
BRH:0
end_of_record
TN:
SF:src/schemas/enrollments-schemas.ts
FN:23,(anonymous_1)
FN:30,joiCpfValidation
FN:40,JoiCepValidation
FN:50,joiMobilePhoneValidation
FNF:4
FNH:1
FNDA:27,(anonymous_1)
FNDA:0,joiCpfValidation
FNDA:0,JoiCepValidation
FNDA:0,joiMobilePhoneValidation
DA:2,1
DA:3,1
DA:5,1
DA:7,1
DA:9,1
DA:11,1
DA:23,27
DA:31,0
DA:33,0
DA:34,0
DA:37,0
DA:41,0
DA:43,0
DA:44,0
DA:47,0
DA:51,0
DA:53,0
DA:54,0
DA:57,0
LF:19
LH:7
BRDA:31,0,0,0
BRDA:33,1,0,0
BRDA:41,2,0,0
BRDA:43,3,0,0
BRDA:51,4,0,0
BRDA:53,5,0,0
BRF:6
BRH:0
end_of_record
TN:
SF:src/schemas/index.ts
FNF:0
FNH:0
DA:1,1
DA:2,1
DA:3,1
DA:4,1
LF:4
LH:4
BRF:0
BRH:0
end_of_record
TN:
SF:src/schemas/users-schemas.ts
FNF:0
FNH:0
DA:2,1
DA:4,1
LF:2
LH:2
BRF:0
BRH:0
end_of_record
TN:
SF:src/services/authentication-service/errors.ts
FN:3,invalidCredentialsError
FNF:1
FNH:0
FNDA:0,invalidCredentialsError
DA:3,1
DA:4,0
LF:2
LH:1
BRF:0
BRH:0
end_of_record
TN:
SF:src/services/authentication-service/index.ts
FN:9,signIn
FN:24,getUserOrFail
FN:31,createSession
FN:41,validatePasswordOrFail
FNF:4
FNH:0
FNDA:0,signIn
FNDA:0,getUserOrFail
FNDA:0,createSession
FNDA:0,validatePasswordOrFail
DA:1,1
DA:2,1
DA:3,1
DA:5,1
DA:6,1
DA:7,1
DA:10,0
DA:12,0
DA:14,0
DA:16,0
DA:18,0
DA:25,0
DA:26,0
DA:28,0
DA:32,0
DA:33,0
DA:38,0
DA:42,0
DA:43,0
DA:55,1
DA:59,1
DA:60,1
LF:22
LH:9
BRDA:26,0,0,0
BRDA:43,1,0,0
BRF:2
BRH:0
end_of_record
TN:
SF:src/services/booking-service/index.ts
FN:8,insertBooking
FN:21,verifyUserBooking
FN:29,verifyRoomCapacity
FNF:3
FNH:3
FNDA:10,insertBooking
FNDA:5,verifyUserBooking
FNDA:4,verifyRoomCapacity
DA:1,1
DA:2,1
DA:3,1
DA:5,1
DA:6,1
DA:9,10
DA:10,8
DA:11,1
DA:13,7
DA:15,5
DA:16,4
DA:18,1
DA:22,5
DA:24,5
DA:25,1
DA:30,4
DA:31,4
DA:32,1
DA:35,3
DA:36,2
DA:40,1
DA:44,1
LF:22
LH:22
BRDA:10,0,0,1
BRDA:24,1,0,1
BRDA:31,2,0,1
BRDA:35,3,0,2
BRF:4
BRH:4
end_of_record
TN:
SF:src/services/enrollments-service/index.ts
FN:9,getAddressFromCEP
FN:35,getOneWithAddressByUserId
FN:51,getFirstAddress
FN:59,createOrUpdateEnrollmentWithAddress
FN:73,getAddressForUpsert
FN:84,verifyEnrollmentAndTicket
FNF:6
FNH:1
FNDA:0,getAddressFromCEP
FNDA:0,getOneWithAddressByUserId
FNDA:0,getFirstAddress
FNDA:0,createOrUpdateEnrollmentWithAddress
FNDA:0,getAddressForUpsert
FNDA:10,verifyEnrollmentAndTicket
DA:2,1
DA:3,1
DA:4,1
DA:5,1
DA:6,1
DA:10,0
DA:12,0
DA:13,0
DA:22,0
DA:24,0
DA:32,0
DA:36,0
DA:38,0
DA:40,0
DA:41,0
DA:43,0
DA:52,0
DA:54,0
DA:60,0
DA:61,0
DA:62,0
DA:64,0
DA:65,0
DA:68,0
DA:70,0
DA:74,0
DA:85,10
DA:86,10
DA:87,2
DA:89,8
DA:92,1
DA:99,1
LF:32
LH:11
BRDA:12,0,0,0
BRDA:38,1,0,0
BRDA:45,2,0,0
BRDA:45,2,1,0
BRDA:52,3,0,0
BRDA:64,4,0,0
BRDA:76,5,0,0
BRDA:76,5,1,0
BRDA:86,6,0,2
BRDA:86,7,0,10
BRDA:86,7,1,9
BRF:11
BRH:3
end_of_record
TN:
SF:src/services/events-service/index.ts
FN:7,getFirstEvent
FN:16,isCurrentEventActive
FNF:2
FNH:0
FNDA:0,getFirstEvent
FNDA:0,isCurrentEventActive
DA:1,1
DA:2,1
DA:3,1
DA:5,1
DA:8,0
DA:9,0
DA:11,0
DA:17,0
DA:18,0
DA:20,0
DA:21,0
DA:22,0
DA:24,0
DA:27,1
DA:32,1
LF:15
LH:6
BRDA:9,0,0,0
BRDA:18,1,0,0
BRDA:24,2,0,0
BRDA:24,2,1,0
BRF:4
BRH:0
end_of_record
TN:
SF:src/services/hotels-service/index.ts
FN:7,findAllHotels
FN:18,findHotelById
FNF:2
FNH:0
FNDA:0,findAllHotels
FNDA:0,findHotelById
DA:1,1
DA:2,1
DA:4,1
DA:5,1
DA:8,0
DA:9,0
DA:10,0
DA:13,0
DA:15,0
DA:19,0
DA:20,0
DA:21,0
DA:24,0
DA:26,0
DA:27,0
DA:28,0
DA:30,0
DA:33,1
DA:38,1
LF:19
LH:6
BRDA:9,0,0,0
BRDA:20,1,0,0
BRDA:27,2,0,0
BRF:3
BRH:0
end_of_record
TN:
SF:src/services/payments-service/index.ts
FN:6,verifyTicketAndEnrollment
FN:19,getPaymentByTicketId
FN:30,paymentProcess
FNF:3
FNH:2
FNDA:7,verifyTicketAndEnrollment
FNDA:0,getPaymentByTicketId
FNDA:7,paymentProcess
DA:1,1
DA:2,1
DA:3,1
DA:4,1
DA:7,7
DA:9,7
DA:10,0
DA:12,7
DA:14,7
DA:15,0
DA:20,0
DA:22,0
DA:24,0
DA:25,0
DA:27,0
DA:31,7
DA:33,7
DA:35,7
DA:42,7
DA:44,7
DA:46,7
DA:57,1
DA:62,1
LF:23
LH:16
BRDA:9,0,0,0
BRDA:14,1,0,0
BRDA:24,2,0,0
BRF:3
BRH:0
end_of_record
TN:
SF:src/services/tickets-service/index.ts
FN:6,getTicketTypes
FN:15,getTicketByUserId
FN:28,createTicket
FN:47,verifyIfIncludesHotel
FNF:4
FNH:1
FNDA:0,getTicketTypes
FNDA:0,getTicketByUserId
FNDA:0,createTicket
FNDA:7,verifyIfIncludesHotel
DA:1,1
DA:2,1
DA:3,1
DA:4,1
DA:7,0
DA:9,0
DA:10,0
DA:12,0
DA:16,0
DA:17,0
DA:18,0
DA:20,0
DA:21,0
DA:22,0
DA:25,0
DA:29,0
DA:30,0
DA:31,0
DA:34,0
DA:40,0
DA:42,0
DA:44,0
DA:48,7
DA:50,7
DA:51,2
DA:55,1
DA:62,1
LF:27
LH:9
BRDA:9,0,0,0
BRDA:17,1,0,0
BRDA:21,2,0,0
BRDA:30,3,0,0
BRDA:50,4,0,2
BRDA:50,5,0,7
BRDA:50,5,1,5
BRF:7
BRH:3
end_of_record
TN:
SF:src/services/users-service/errors.ts
FN:3,duplicatedEmailError
FNF:1
FNH:0
FNDA:0,duplicatedEmailError
DA:3,1
DA:4,0
LF:2
LH:1
BRF:0
BRH:0
end_of_record
TN:
SF:src/services/users-service/index.ts
FN:8,createUser
FN:20,validateUniqueEmailOrFail
FN:27,canEnrollOrFail
FNF:3
FNH:0
FNDA:0,createUser
FNDA:0,validateUniqueEmailOrFail
FNDA:0,canEnrollOrFail
DA:1,1
DA:2,1
DA:4,1
DA:5,1
DA:6,1
DA:8,1
DA:9,0
DA:11,0
DA:13,0
DA:14,0
DA:21,0
DA:22,0
DA:23,0
DA:28,0
DA:29,0
DA:30,0
DA:36,1
DA:40,1
DA:41,1
LF:19
LH:9
BRDA:22,0,0,0
BRDA:29,1,0,0
BRF:2
BRH:0
end_of_record
TN:
SF:src/utils/cep-service.ts
FN:4,getAddress
FNF:1
FNH:0
FNDA:0,getAddress
DA:2,1
DA:5,0
DA:6,0
DA:10,1
LF:4
LH:2
BRF:0
BRH:0
end_of_record
TN:
SF:src/utils/prisma-utils.ts
FN:1,exclude
FNF:1
FNH:0
FNDA:0,exclude
DA:1,1
DA:2,0
DA:3,0
DA:4,0
DA:6,0
LF:5
LH:1
BRF:0
BRH:0
end_of_record
TN:
SF:src/utils/request.ts
FN:4,get
FNF:1
FNH:0
FNDA:0,get
DA:1,1
DA:2,1
DA:5,0
DA:6,0
DA:7,0
DA:12,0
DA:14,0
DA:18,1
LF:8
LH:3
BRF:0
BRH:0
end_of_record
TN:
SF:tests/helpers.ts
FN:8,cleanDb
FN:22,generateValidToken
FNF:2
FNH:2
FNDA:14,cleanDb
FNDA:11,generateValidToken
DA:1,1
DA:4,1
DA:5,1
DA:6,1
DA:8,1
DA:9,14
DA:10,14
DA:11,14
DA:12,14
DA:13,14
DA:14,14
DA:15,14
DA:16,14
DA:17,14
DA:18,14
DA:19,14
DA:22,1
DA:23,11
DA:24,11
DA:26,11
DA:28,11
LF:21
LH:21
BRDA:23,0,0,11
BRDA:23,0,1,0
BRF:2
BRH:1
end_of_record
TN:
SF:tests/factories/booking-factory.ts
FN:3,createBooking
FNF:1
FNH:1
FNDA:5,createBooking
DA:1,1
DA:3,1
DA:4,5
LF:3
LH:3
BRF:0
BRH:0
end_of_record
TN:
SF:tests/factories/enrollments-factory.ts
FN:8,createEnrollmentWithAddress
FN:35,createhAddressWithCEP
FNF:2
FNH:1
FNDA:9,createEnrollmentWithAddress
FNDA:0,createhAddressWithCEP
DA:1,1
DA:2,1
DA:5,1
DA:6,1
DA:8,1
DA:9,9
DA:11,9
DA:35,1
DA:36,0
LF:9
LH:8
BRDA:9,0,0,9
BRDA:9,0,1,0
BRF:2
BRH:1
end_of_record
TN:
SF:tests/factories/events-factory.ts
FN:6,createEvent
FNF:1
FNH:0
FNDA:0,createEvent
DA:1,1
DA:2,1
DA:4,1
DA:6,1
DA:7,0
LF:5
LH:4
BRDA:6,0,0,0
BRDA:9,1,0,0
BRDA:9,1,1,0
BRDA:10,2,0,0
BRDA:10,2,1,0
BRDA:11,3,0,0
BRDA:11,3,1,0
BRDA:12,4,0,0
BRDA:12,4,1,0
BRDA:13,5,0,0
BRDA:13,5,1,0
BRF:11
BRH:0
end_of_record
TN:
SF:tests/factories/hotels-factory.ts
FN:5,createHotel
FNF:1
FNH:1
FNDA:5,createHotel
DA:1,1
DA:3,1
DA:5,1
DA:6,5
LF:4
LH:4
BRDA:5,0,0,5
BRDA:8,1,0,5
BRDA:8,1,1,5
BRDA:9,2,0,5
BRDA:9,2,1,5
BRF:5
BRH:5
end_of_record
TN:
SF:tests/factories/index.ts
FNF:0
FNH:0
DA:1,1
DA:2,1
DA:3,1
DA:4,1
DA:5,1
DA:6,1
DA:7,1
DA:8,1
DA:9,1
LF:9
LH:9
BRF:0
BRH:0
end_of_record
TN:
SF:tests/factories/payments-factory.ts
FN:4,createPayment
FN:15,generateCreditCardData
FNF:2
FNH:1
FNDA:0,createPayment
FNDA:7,generateCreditCardData
DA:1,1
DA:2,1
DA:4,1
DA:5,0
DA:15,1
DA:16,7
DA:18,7
LF:7
LH:6
BRF:0
BRH:0
end_of_record
TN:
SF:tests/factories/rooms-factory.ts
FN:5,createRoom
FNF:1
FNH:1
FNDA:5,createRoom
DA:1,1
DA:3,1
DA:5,1
DA:6,5
LF:4
LH:4
BRDA:5,0,0,0
BRDA:8,1,0,5
BRDA:8,1,1,5
BRDA:9,2,0,5
BRDA:9,2,1,3
BRF:5
BRH:4
end_of_record
TN:
SF:tests/factories/sessions-factory.ts
FN:5,createSession
FNF:1
FNH:1
FNDA:11,createSession
DA:2,1
DA:3,1
DA:5,1
DA:6,11
DA:8,11
LF:5
LH:5
BRF:0
BRH:0
end_of_record
TN:
SF:tests/factories/tickets-factory.ts
FN:5,createTicketType
FN:16,createTicket
FNF:2
FNH:2
FNDA:8,createTicketType
FNDA:8,createTicket
DA:1,1
DA:2,1
DA:5,1
DA:6,8
DA:16,1
DA:17,8
LF:6
LH:6
BRDA:5,0,0,0
BRDA:8,1,0,8
BRDA:8,1,1,8
BRDA:9,2,0,8
BRDA:9,2,1,8
BRDA:10,3,0,1
BRDA:10,3,1,7
BRDA:11,4,0,1
BRDA:11,4,1,7
BRF:9
BRH:8
end_of_record
TN:
SF:tests/factories/users-factory.ts
FN:6,createUser
FNF:1
FNH:1
FNDA:27,createUser
DA:1,1
DA:2,1
DA:4,1
DA:6,1
DA:7,27
DA:8,27
DA:10,27
LF:7
LH:7
BRDA:6,0,0,27
BRDA:7,1,0,27
BRDA:7,1,1,27
BRDA:12,2,0,27
BRDA:12,2,1,27
BRF:5
BRH:5
end_of_record
